<?xml version="1.0" encoding="utf-8"?>
<test-run id="0" testcasecount="1" result="Passed" total="1" passed="1" failed="0" inconclusive="0" skipped="0" asserts="0" portable-engine-version="3.3.0.0" start-time="2016-10-30 13:36:26Z" end-time="2016-10-30 13:36:26Z" duration="0.322033">
  <test-suite type="Assembly" id="1002" name="mrcarson.tests, Version=1.0.0.0, Culture=neutral, PublicKeyToken=null" fullname="mrcarson.tests, Version=1.0.0.0, Culture=neutral, PublicKeyToken=null" runstate="Runnable" testcasecount="1" result="Passed" start-time="2016-10-30 13:36:26Z" end-time="2016-10-30 13:36:26Z" duration="0.136461" total="1" passed="1" failed="0" inconclusive="0" skipped="0" asserts="0">
    <settings>
      <setting name="WorkDirectory" value="C:\GitHub\mrcarson\mrcarson\src\mrcarson.tests" />
    </settings>
    <test-suite type="TestSuite" id="1003" name="mrcarson" fullname="mrcarson" runstate="Runnable" testcasecount="1" result="Passed" start-time="2016-10-30 13:36:26Z" end-time="2016-10-30 13:36:26Z" duration="0.126343" total="1" passed="1" failed="0" inconclusive="0" skipped="0" asserts="0">
      <test-suite type="TestSuite" id="1004" name="tests" fullname="mrcarson.tests" runstate="Runnable" testcasecount="1" result="Passed" start-time="2016-10-30 13:36:26Z" end-time="2016-10-30 13:36:26Z" duration="0.125953" total="1" passed="1" failed="0" inconclusive="0" skipped="0" asserts="0">
        <test-suite type="TestSuite" id="1005" name="content" fullname="mrcarson.tests.content" runstate="Runnable" testcasecount="1" result="Passed" start-time="2016-10-30 13:36:26Z" end-time="2016-10-30 13:36:26Z" duration="0.125530" total="1" passed="1" failed="0" inconclusive="0" skipped="0" asserts="0">
          <test-suite type="TestFixture" id="1000" name="ContentLibraryTests" fullname="mrcarson.tests.content.ContentLibraryTests" classname="mrcarson.tests.content.ContentLibraryTests" runstate="Runnable" testcasecount="1" result="Passed" start-time="2016-10-30 13:36:26Z" end-time="2016-10-30 13:36:26Z" duration="0.119633" total="1" passed="1" failed="0" inconclusive="0" skipped="0" asserts="0">
            <test-case id="1001" name="CSV_file_is_read_correct" fullname="mrcarson.tests.content.ContentLibraryTests.CSV_file_is_read_correct" methodname="CSV_file_is_read_correct" classname="mrcarson.tests.content.ContentLibraryTests" runstate="Runnable" seed="1401043411" result="Passed" start-time="2016-10-30 13:36:26Z" end-time="2016-10-30 13:36:26Z" duration="0.015839" asserts="0" />
          </test-suite>
        </test-suite>
      </test-suite>
    </test-suite>
  </test-suite>
</test-run>